\BOOKMARK [1][-]{section.1}{\376\377\000I\000n\000t\000r\000o\000d\000u\000c\000e\000r\000e}{}% 1
\BOOKMARK [2][-]{subsection.1.1}{\376\377\000D\000e\000s\000c\000r\000i\000e\000r\000e\000a\000\040\000p\000r\000o\000i\000e\000c\000t\000u\000l\000u\000i}{section.1}% 2
\BOOKMARK [2][-]{subsection.1.2}{\376\377\000I\000n\000t\000r\000o\000d\000u\000c\000e\000r\000e\000\040\000\356\000n\000\040\000d\000e\000z\000v\000o\000l\000t\000a\000r\000e\000a\000\040\000j\000o\000c\000u\000r\000i\000l\000o\000r\000\040\000v\000i\000d\000e\000o}{section.1}% 3
\BOOKMARK [3][-]{subsubsection.1.2.1}{\376\377\000S\000c\000u\000r\000t\001\003\000\040\000i\000s\000t\000o\000r\000i\000e}{subsection.1.2}% 4
\BOOKMARK [3][-]{subsubsection.1.2.2}{\376\377\000I\000n\000d\000u\000s\000t\000r\000i\000a\000\040\000c\000u\000r\000e\000n\000t\001\003}{subsection.1.2}% 5
\BOOKMARK [1][-]{section.2}{\376\377\000I\000n\000t\000r\000o\000d\000u\000c\000e\000r\000e\000\040\000\356\000n\000\040\000U\000n\000i\000t\000y}{}% 6
\BOOKMARK [2][-]{subsection.2.1}{\376\377\000M\000o\000t\000i\000v\000u\000l\000\040\000a\000l\000e\000g\000e\000r\000i\000i\000\040\000p\000r\000o\000g\000r\000a\000m\000u\000l\000u\000i\000\040\000U\000n\000i\000t\000y\000\040\000p\000e\000n\000t\000r\000u\000\040\000d\000e\000z\000v\000o\000l\000t\000a\000r\000e\000a\000\040\000p\000r\000o\000i\000e\000c\000t\000u\000l\000u\000i}{section.2}% 7
\BOOKMARK [2][-]{subsection.2.2}{\376\377\000P\000r\000e\000z\000e\000n\000t\000a\000r\000e\000\040\000g\000e\000n\000e\000r\000a\000l\001\003}{section.2}% 8
\BOOKMARK [3][-]{subsubsection.2.2.1}{\376\377\000G\000a\000m\000e\000O\000b\000j\000e\000c\000t\000\040\002\031\000i\000\040\000M\000e\000s\000h}{subsection.2.2}% 9
\BOOKMARK [3][-]{subsubsection.2.2.2}{\376\377\000C\000o\000l\000l\000i\000d\000e\000r}{subsection.2.2}% 10
\BOOKMARK [3][-]{subsubsection.2.2.3}{\376\377\000T\000r\000a\000n\000s\000f\000o\000r\000m\000\040\002\031\000i\000\040\000R\000i\000g\000i\000d\000b\000o\000d\000y}{subsection.2.2}% 11
\BOOKMARK [3][-]{subsubsection.2.2.4}{\376\377\000P\000r\000e\000f\000a\000b}{subsection.2.2}% 12
\BOOKMARK [3][-]{subsubsection.2.2.5}{\376\377\000R\000a\000y\000c\000a\000s\000t}{subsection.2.2}% 13
\BOOKMARK [2][-]{subsection.2.3}{\376\377\000E\000l\000e\000m\000e\000n\000t\000e\000\040\000s\000p\000e\000c\000i\000f\000i\000c\000e\000\040\000f\000o\000l\000o\000s\000i\000t\000e}{section.2}% 14
\BOOKMARK [3][-]{subsubsection.2.3.1}{\376\377\000E\000d\000i\000t\000o\000a\000r\000e\000\040\000p\000e\000r\000s\000o\000n\000a\000l\000i\000z\000a\000t\000e}{subsection.2.3}% 15
\BOOKMARK [3][-]{subsubsection.2.3.2}{\376\377\000S\000h\000a\000d\000e\000r\000\040\000G\000r\000a\000p\000h}{subsection.2.3}% 16
\BOOKMARK [3][-]{subsubsection.2.3.3}{\376\377\000V\000F\000X\000\040\000G\000r\000a\000p\000h}{subsection.2.3}% 17
\BOOKMARK [3][-]{subsubsection.2.3.4}{\376\377\000P\000h\000o\000t\000o\000n\000\040\000E\000n\000g\000i\000n\000e}{subsection.2.3}% 18
\BOOKMARK [1][-]{section.3}{\376\377\000P\000l\000a\000n\000i\000f\000i\000c\000a\000r\000e\000a\000\040\000P\000r\000o\000i\000e\000c\000t\000u\000l\000u\000i}{}% 19
\BOOKMARK [2][-]{subsection.3.1}{\376\377\000F\000a\000z\000a\000\040\000d\000e\000\040\000P\000r\000o\000i\000e\000c\000t\000a\000r\000e}{section.3}% 20
\BOOKMARK [2][-]{subsection.3.2}{\376\377\000T\000e\000m\000a\000t\000i\000c\000a\000\040\000J\000o\000c\000u\000l\000u\000i}{section.3}% 21
\BOOKMARK [2][-]{subsection.3.3}{\376\377\000C\000a\000r\000a\000c\000t\000e\000r\000e\000l\000e\000\040\000J\000o\000c\000u\000l\000u\000i}{section.3}% 22
\BOOKMARK [3][-]{subsubsection.3.3.1}{\376\377\000I\000n\000a\000m\000i\000c\000i\000i}{subsection.3.3}% 23
\BOOKMARK [3][-]{subsubsection.3.3.2}{\376\377\000T\000u\000r\000n\000u\000r\000i\000\040\000d\000e\000f\000e\000n\000s\000i\000v\000e}{subsection.3.3}% 24
\BOOKMARK [2][-]{subsection.3.4}{\376\377\000S\000i\000s\000t\000e\000m\000e\000l\000e\000\040\000J\000o\000c\000u\000l\000u\000i}{section.3}% 25
\BOOKMARK [3][-]{subsubsection.3.4.1}{\376\377\000H\000a\000r\000t\000a\000\040\000d\000e\000\040\000j\000o\000c}{subsection.3.4}% 26
\BOOKMARK [3][-]{subsubsection.3.4.2}{\376\377\000S\000i\000s\000t\000e\000m\000u\000l\000\040\000T\000u\000r\000n\000u\000r\000i\000l\000o\000r}{subsection.3.4}% 27
\BOOKMARK [3][-]{subsubsection.3.4.3}{\376\377\000C\000o\000m\000a\000n\000d\000a\000n\000t\000u\000l}{subsection.3.4}% 28
\BOOKMARK [3][-]{subsubsection.3.4.4}{\376\377\000V\000a\000l\000u\000l\000\040\000d\000e\000\040\000i\000n\000a\000m\000i\000c\000i}{subsection.3.4}% 29
\BOOKMARK [3][-]{subsubsection.3.4.5}{\376\377\000N\000i\000v\000e\000l\000e\000l\000e\000\040\000j\000o\000c\000u\000l\000u\000i}{subsection.3.4}% 30
\BOOKMARK [3][-]{subsubsection.3.4.6}{\376\377\000L\000o\000c\000k\000-\000o\000n}{subsection.3.4}% 31
\BOOKMARK [3][-]{subsubsection.3.4.7}{\376\377\000M\000a\000g\000a\000z\000i\000n\000u\000l\000\040\000d\000e\000\040\000\356\000m\000b\000u\000n\001\003\000t\001\003\002\033\000i\000r\000i\000\040\000p\000e\000r\000m\000a\000n\000e\000n\000t\000e}{subsection.3.4}% 32
\BOOKMARK [3][-]{subsubsection.3.4.8}{\376\377\000S\000i\000s\000t\000e\000m\000u\000l\000\040\000c\000o\000-\000o\000p}{subsection.3.4}% 33
\BOOKMARK [3][-]{subsubsection.3.4.9}{\376\377\000A\000t\000a\000c\000u\000r\000i\000l\000e\000\040\000m\000o\000n\000s\000t\000r\000u\000l\000u\000i\000\040\000d\000e\000\040\000f\000o\000c}{subsection.3.4}% 34
\BOOKMARK [2][-]{subsection.3.5}{\376\377\000A\000n\000a\000l\000i\000z\000a\000\040\000p\000r\000o\000i\000e\000c\000t\000u\000l\000u\000i\000\040\000d\000i\000n\000\040\000p\000u\000n\000c\000t\000u\000l\000\040\000d\000e\000\040\000v\000e\000d\000e\000r\000e\000\040\000a\000l\000\040\000c\000o\000n\000s\000u\000m\000a\000t\000o\000r\000i\000l\000o\000r}{section.3}% 35
\BOOKMARK [3][-]{subsubsection.3.5.1}{\376\377\000D\000i\000f\000i\000c\000u\000l\000t\000a\000t\000e\000a\000\040\000j\000o\000c\000u\000l\000u\000i}{subsection.3.5}% 36
\BOOKMARK [3][-]{subsubsection.3.5.2}{\376\377\000E\000l\000e\000m\000e\000n\000t\000e\000\040\000d\000e\000\040\000d\000e\000p\000e\000n\000d\000e\000n\002\033\001\003}{subsection.3.5}% 37
\BOOKMARK [3][-]{subsubsection.3.5.3}{\376\377\000G\000r\000u\000p\000e\000l\000e\000\040\000d\000e\000\040\000v\000\342\000r\000s\000t\001\003\000\040\000v\000i\000z\000a\000t\000e}{subsection.3.5}% 38
\BOOKMARK [1][-]{section.4}{\376\377\000I\000m\000p\000l\000e\000m\000e\000n\000t\000a\000r\000e\000a\000\040\000p\000r\000o\000i\000e\000c\000t\000u\000l\000u\000i}{}% 39
\BOOKMARK [2][-]{subsection.4.1}{\376\377\000S\000c\000e\000n\000a\000\040\000d\000e\000\040\000l\000u\000p\000t\001\003}{section.4}% 40
\BOOKMARK [3][-]{subsubsection.4.1.1}{\376\377\000I\000n\000i\002\033\000i\000a\000l\000i\000z\000a\000r\000e\000a\000\040\000s\000c\000r\000i\000p\000t\000u\000r\000i\000l\000o\000r}{subsection.4.1}% 41
\BOOKMARK [3][-]{subsubsection.4.1.2}{\376\377\000P\000r\000o\000c\000e\000s\000a\000r\000e\000a\000\040\000c\000o\000m\000e\000n\000z\000i\000l\000o\000r\000\040\000v\000e\000n\000i\000t\000e\000\040\000d\000e\000\040\000l\000a\000\040\000u\000t\000i\000l\000i\000z\000a\000t\000o\000r}{subsection.4.1}% 42
\BOOKMARK [3][-]{subsubsection.4.1.3}{\376\377\000H\000a\000r\000t\000a\000\040\000d\000e\000\040\000j\000o\000c}{subsection.4.1}% 43
\BOOKMARK [3][-]{subsubsection.4.1.4}{\376\377\000S\000i\000s\000t\000e\000m\000u\000l\000\040\000d\000e\000\040\000n\000a\000v\000i\000g\000a\000r\000e}{subsection.4.1}% 44
\BOOKMARK [3][-]{subsubsection.4.1.5}{\376\377\000I\000n\000t\000e\000r\000f\000e\002\033\000e\000\040\000f\000o\000l\000o\000s\000i\000t\000e}{subsection.4.1}% 45
\BOOKMARK [3][-]{subsubsection.4.1.6}{\376\377\000I\000e\000r\000a\000r\000h\000i\000a\000\040\000i\000n\000a\000m\000i\000c\000i\000l\000o\000r}{subsection.4.1}% 46
\BOOKMARK [3][-]{subsubsection.4.1.7}{\376\377\000I\000e\000r\000a\000r\000h\000i\000a\000\040\000t\000u\000r\000n\000u\000r\000i\000l\000o\000r\000\040\000d\000e\000f\000e\000n\000s\000i\000v\000e}{subsection.4.1}% 47
\BOOKMARK [3][-]{subsubsection.4.1.8}{\376\377\000C\000o\000m\000a\000n\000d\000a\000n\000t\000u\000l}{subsection.4.1}% 48
\BOOKMARK [3][-]{subsubsection.4.1.9}{\376\377\000P\000u\000n\000e\000r\000e\000a\000\040\000p\000e\000\040\000p\000a\000u\000z\001\003\000\040\000a\000\040\000j\000o\000c\000u\000l\000u\000i}{subsection.4.1}% 49
\BOOKMARK [3][-]{subsubsection.4.1.10}{\376\377\000V\000a\000l\000u\000l\000\040\000d\000e\000\040\000i\000n\000a\000m\000i\000c\000i}{subsection.4.1}% 50
\BOOKMARK [3][-]{subsubsection.4.1.11}{\376\377\000S\000t\000a\000g\000i\000i\000l\000e\000\040\000j\000o\000c\000u\000l\000u\000i}{subsection.4.1}% 51
\BOOKMARK [3][-]{subsubsection.4.1.12}{\376\377\000C\000o\000n\000t\000r\000o\000l\000u\000l\000\040\000j\000o\000c\000u\000l\000u\000i}{subsection.4.1}% 52
\BOOKMARK [2][-]{subsection.4.2}{\376\377\000S\000e\000l\000e\000c\000t\000a\000r\000e\000a\000\040\000n\000i\000v\000e\000l\000e\000l\000o\000r}{section.4}% 53
\BOOKMARK [3][-]{subsubsection.4.2.1}{\376\377\000S\000t\000r\000u\000c\000t\000u\000r\000a\000\040\000m\000e\000n\000i\000u\000l\000u\000i}{subsection.4.2}% 54
\BOOKMARK [3][-]{subsubsection.4.2.2}{\376\377\000G\000e\000n\000e\000r\000a\000r\000e\000a\000\040\000d\000i\000n\000a\000m\000i\000c\001\003\000\040\000a\000\040\000m\000e\000n\000i\000u\000l\000u\000i}{subsection.4.2}% 55
\BOOKMARK [3][-]{subsubsection.4.2.3}{\376\377\000T\000r\000a\000n\000s\000m\000i\000s\000i\000a\000\040\000d\000a\000t\000e\000l\000o\000r\000\040\000\356\000n\000t\000r\000e\000\040\000s\000c\000e\000n\000e}{subsection.4.2}% 56
\BOOKMARK [2][-]{subsection.4.3}{\376\377\000M\000a\000g\000a\000z\000i\000n\000u\000l\000\040\000d\000e\000\040\000\356\000m\000b\000u\000n\001\003\000t\001\003\002\033\000i\000r\000i\000\040\000p\000e\000r\000m\000a\000n\000e\000n\000t\000e}{section.4}% 57
\BOOKMARK [3][-]{subsubsection.4.3.1}{\376\377\000S\000t\000r\000u\000c\000t\000u\000r\000a\000\040\000m\000e\000n\000i\000u\000l\000u\000i}{subsection.4.3}% 58
\BOOKMARK [3][-]{subsubsection.4.3.2}{\376\377\000\316\000m\000b\000u\000n\001\003\000t\001\003\002\033\000i\000r\000e\000\040\000p\000e\000r\000m\000a\000n\000e\000n\000t\001\003}{subsection.4.3}% 59
\BOOKMARK [3][-]{subsubsection.4.3.3}{\376\377\000G\000e\000n\000e\000r\000a\000r\000e\000a\000\040\000d\000i\000n\000a\000m\000i\000c\001\003\000\040\000a\000\040\000m\000e\000n\000i\000u\000l\000u\000i}{subsection.4.3}% 60
\BOOKMARK [2][-]{subsection.4.4}{\376\377\000S\000a\000l\000v\000a\000r\000e\000a\000\040\000d\000a\000t\000e\000l\000o\000r}{section.4}% 61
\BOOKMARK [3][-]{subsubsection.4.4.1}{\376\377\000D\000a\000t\000e\000l\000e\000\040\000c\000a\000r\000e\000\040\000t\000r\000e\000b\000u\000i\000e\000s\000c\000\040\000s\000a\000l\000v\000a\000t\000e}{subsection.4.4}% 62
\BOOKMARK [3][-]{subsubsection.4.4.2}{\376\377\000S\000a\000l\000v\000a\000r\000e\000a\000\040\000a\000u\000t\000o\000m\000a\000t\001\003}{subsection.4.4}% 63
\BOOKMARK [3][-]{subsubsection.4.4.3}{\376\377\000L\000o\000c\000a\002\033\000i\000a\000\040\000f\000i\002\031\000i\000e\000r\000e\000l\000o\000r\000\040\000s\000a\000l\000v\000a\000t\000e\000\040\000p\000e\000n\000t\000r\000u\000\040\000d\000i\000s\000p\000o\000z\000i\000t\000i\000v\000e\000\040\000d\000i\000f\000e\000r\000i\000t\000e}{subsection.4.4}% 64
\BOOKMARK [2][-]{subsection.4.5}{\376\377\000S\000i\000s\000t\000e\000m\000u\000l\000\040\000c\000o\000-\000o\000p}{section.4}% 65
\BOOKMARK [3][-]{subsubsection.4.5.1}{\376\377\000M\000o\000d\000u\000l\000\040\000d\000e\000\040\000l\000u\000c\000r\000u\000\040\000c\000u\000\040\000P\000h\000o\000t\000o\000n\000\040\000E\000n\000g\000i\000n\000e}{subsection.4.5}% 66
\BOOKMARK [3][-]{subsubsection.4.5.2}{\376\377\000\316\000n\000r\000e\000g\000i\000s\000t\000r\000a\000r\000e\000\040\002\031\000i\000\040\000c\000a\000m\000e\000r\000a\000\040\000d\000e\000\040\000a\002\031\000t\000e\000p\000t\000a\000r\000e}{subsection.4.5}% 67
\BOOKMARK [3][-]{subsubsection.4.5.3}{\376\377\000S\000i\000n\000c\000r\000o\000n\000i\000z\000a\000r\000e\000a\000\040\000d\000a\000t\000e\000l\000o\000r}{subsection.4.5}% 68
\BOOKMARK [3][-]{subsubsection.4.5.4}{\376\377\000M\000o\000n\000s\000t\000r\000u\000l\000\040\000d\000e\000\040\000f\000o\000c}{subsection.4.5}% 69
\BOOKMARK [2][-]{subsection.4.6}{\376\377\000M\000e\000t\000o\000d\000e\000\040\000d\000e\000\040\000\356\000m\000b\000u\000n\001\003\000t\001\003\002\033\000i\000r\000e\000\040\000a\000\040\000p\000r\000o\000i\000e\000c\000t\000u\000l\000u\000i}{section.4}% 70
\BOOKMARK [3][-]{subsubsection.4.6.1}{\376\377\000A\000r\000t\001\003\000\040\000\356\000m\000b\000u\000n\001\003\000t\001\003\002\033\000i\000t\001\003}{subsection.4.6}% 71
\BOOKMARK [3][-]{subsubsection.4.6.2}{\376\377\000O\000\040\000p\000o\000v\000e\000s\000t\000e\000\040\000p\000e\000n\000t\000r\000u\000\040\000j\000o\000c}{subsection.4.6}% 72
\BOOKMARK [3][-]{subsubsection.4.6.3}{\376\377\000S\000u\000n\000e\000t\000e\000l\000e\000\040\000p\000e\000n\000t\000r\000u\000\040\000j\000o\000c}{subsection.4.6}% 73
\BOOKMARK [3][-]{subsubsection.4.6.4}{\376\377\000M\000o\000n\002\031\000t\000r\000i\000i\000\040\000m\000u\000l\000t\000i\000p\000l\000i\000\040\000p\000e\000n\000t\000r\000u\000\040\000m\000o\000d\000u\000l\000\040\000c\000o\000-\000o\000p}{subsection.4.6}% 74
\BOOKMARK [3][-]{subsubsection.4.6.5}{\376\377\000B\000a\000l\000a\000n\000s\000a\000r\000e\000a\000\040\000d\000i\000f\000i\000c\000u\000l\000t\001\003\002\033\000i\000i}{subsection.4.6}% 75
\BOOKMARK [1][-]{section.5}{\376\377\000C\000o\000n\000c\000l\000u\000z\000i\000i}{}% 76
\BOOKMARK [1][-]{section.6}{\376\377\000B\000i\000b\000l\000i\000o\000g\000r\000a\000f\000i\000e}{}% 77
