This is pdfTeX, Version 3.14159265-2.6-1.40.21 (MiKTeX 20.10) (preloaded format=pdflatex 2020.10.19)  12 JUN 2021 14:26
entering extended mode
**./licenta.tex
(licenta.tex
LaTeX2e <2020-10-01> patch level 1
L3 programming layer <2020-10-05> xparse <2020-03-03>
(D:\Programs\MikTex\tex/latex/base\article.cls
Document Class: article 2020/04/10 v1.4m Standard LaTeX document class
(D:\Programs\MikTex\tex/latex/base\size12.clo
File: size12.clo 2020/04/10 v1.4m Standard LaTeX file (size option)
)
\c@part=\count175
\c@section=\count176
\c@subsection=\count177
\c@subsubsection=\count178
\c@paragraph=\count179
\c@subparagraph=\count180
\c@figure=\count181
\c@table=\count182
\abovecaptionskip=\skip47
\belowcaptionskip=\skip48
\bibindent=\dimen138
)
(D:\Programs\MikTex\tex/latex/amsfonts\amsfonts.sty
Package: amsfonts 2013/01/14 v3.01 Basic AMSFonts support
\@emptytoks=\toks15
\symAMSa=\mathgroup4
\symAMSb=\mathgroup5
LaTeX Font Info:    Redeclaring math symbol \hbar on input line 98.
LaTeX Font Info:    Overwriting math alphabet `\mathfrak' in version `bold'
(Font)                  U/euf/m/n --> U/euf/b/n on input line 106.
)
(D:\Programs\MikTex\tex/latex/amsmath\amsmath.sty
Package: amsmath 2020/09/23 v2.17i AMS math features
\@mathmargin=\skip49

For additional information on amsmath, use the `?' option.
(D:\Programs\MikTex\tex/latex/amsmath\amstext.sty
Package: amstext 2000/06/29 v2.01 AMS text

(D:\Programs\MikTex\tex/latex/amsmath\amsgen.sty
File: amsgen.sty 1999/11/30 v2.0 generic functions
\@emptytoks=\toks16
\ex@=\dimen139
))
(D:\Programs\MikTex\tex/latex/amsmath\amsbsy.sty
Package: amsbsy 1999/11/29 v1.2d Bold Symbols
\pmbraise@=\dimen140
)
(D:\Programs\MikTex\tex/latex/amsmath\amsopn.sty
Package: amsopn 2016/03/08 v2.02 operator names
)
\inf@bad=\count183
LaTeX Info: Redefining \frac on input line 234.
\uproot@=\count184
\leftroot@=\count185
LaTeX Info: Redefining \overline on input line 399.
\classnum@=\count186
\DOTSCASE@=\count187
LaTeX Info: Redefining \ldots on input line 496.
LaTeX Info: Redefining \dots on input line 499.
LaTeX Info: Redefining \cdots on input line 620.
\Mathstrutbox@=\box47
\strutbox@=\box48
\big@size=\dimen141
LaTeX Font Info:    Redeclaring font encoding OML on input line 743.
LaTeX Font Info:    Redeclaring font encoding OMS on input line 744.
\macc@depth=\count188
\c@MaxMatrixCols=\count189
\dotsspace@=\muskip16
\c@parentequation=\count190
\dspbrk@lvl=\count191
\tag@help=\toks17
\row@=\count192
\column@=\count193
\maxfields@=\count194
\andhelp@=\toks18
\eqnshift@=\dimen142
\alignsep@=\dimen143
\tagshift@=\dimen144
\tagwidth@=\dimen145
\totwidth@=\dimen146
\lineht@=\dimen147
\@envbody=\toks19
\multlinegap=\skip50
\multlinetaggap=\skip51
\mathdisplay@stack=\toks20
LaTeX Info: Redefining \[ on input line 2923.
LaTeX Info: Redefining \] on input line 2924.
)
(D:\Programs\MikTex\tex/latex/amscls\amsthm.sty
Package: amsthm 2020/05/29 v2.20.6
\thm@style=\toks21
\thm@bodyfont=\toks22
\thm@headfont=\toks23
\thm@notefont=\toks24
\thm@headpunct=\toks25
\thm@preskip=\skip52
\thm@postskip=\skip53
\thm@headsep=\skip54
\dth@everypar=\toks26
)
(D:\Programs\MikTex\tex/latex/base\inputenc.sty
Package: inputenc 2020/08/01 v1.3d Input encoding file
\inpenc@prehook=\toks27
\inpenc@posthook=\toks28

(D:\Programs\MikTex\tex/latex/ucs\utf8x.def
File: utf8x.def 2004/10/17 UCS: Input encoding UTF-8
))
(D:\Programs\MikTex\tex/latex/ucs\ucs.sty
Package: ucs 2013/05/11 v2.2 UCS: Unicode input support

(D:\Programs\MikTex\tex/latex/ucs\uni-global.def
File: uni-global.def 2013/05/13 UCS: Unicode global data
)
\uc@secondtry=\count195
\uc@combtoks=\toks29
\uc@combtoksb=\toks30
\uc@temptokena=\toks31
)
(D:\Programs\MikTex\tex/latex/tools\indentfirst.sty
Package: indentfirst 1995/11/23 v1.03 Indent first paragraph (DPC)
)
(D:\Programs\MikTex\tex/latex/multirow\multirow.sty
Package: multirow 2019/05/31 v2.5 Span multiple rows of a table
\multirow@colwidth=\skip55
\multirow@cntb=\count196
\multirow@dima=\skip56
\bigstrutjot=\dimen148
)
(D:\Programs\MikTex\tex/latex/xcolor\xcolor.sty
Package: xcolor 2016/05/11 v2.12 LaTeX color extensions (UK)

(D:\Programs\MikTex\tex/latex/graphics-cfg\color.cfg
File: color.cfg 2016/01/02 v1.6 sample color configuration
)
Package xcolor Info: Driver file: pdftex.def on input line 225.

(D:\Programs\MikTex\tex/latex/graphics-def\pdftex.def
File: pdftex.def 2020/10/05 v1.2a Graphics/color driver for pdftex
)
(D:\Programs\MikTex\tex/latex/colortbl\colortbl.sty
Package: colortbl 2020/01/04 v1.0e Color table columns (DPC)

(D:\Programs\MikTex\tex/latex/tools\array.sty
Package: array 2019/08/31 v2.4l Tabular extension package (FMi)
\col@sep=\dimen149
\ar@mcellbox=\box49
\extrarowheight=\dimen150
\NC@list=\toks32
\extratabsurround=\skip57
\backup@length=\skip58
\ar@cellbox=\box50
)
\everycr=\toks33
\minrowclearance=\skip59
)
\rownum=\count197
Package xcolor Info: Model `cmy' substituted by `cmy0' on input line 1348.
Package xcolor Info: Model `hsb' substituted by `rgb' on input line 1352.
Package xcolor Info: Model `RGB' extended on input line 1364.
Package xcolor Info: Model `HTML' substituted by `rgb' on input line 1366.
Package xcolor Info: Model `Hsb' substituted by `hsb' on input line 1367.
Package xcolor Info: Model `tHsb' substituted by `hsb' on input line 1368.
Package xcolor Info: Model `HSB' substituted by `hsb' on input line 1369.
Package xcolor Info: Model `Gray' substituted by `gray' on input line 1370.
Package xcolor Info: Model `wave' substituted by `hsb' on input line 1371.
)
(D:\Programs\MikTex\tex/latex/listings\listings.sty
(D:\Programs\MikTex\tex/latex/graphics\keyval.sty
Package: keyval 2014/10/28 v1.15 key=value parser (DPC)
\KV@toks@=\toks34
)
\lst@mode=\count198
\lst@gtempboxa=\box51
\lst@token=\toks35
\lst@length=\count199
\lst@currlwidth=\dimen151
\lst@column=\count266
\lst@pos=\count267
\lst@lostspace=\dimen152
\lst@width=\dimen153
\lst@newlines=\count268
\lst@lineno=\count269
\lst@maxwidth=\dimen154

(D:\Programs\MikTex\tex/latex/listings\lstmisc.sty
File: lstmisc.sty 2020/03/24 1.8d (Carsten Heinz)
\c@lstnumber=\count270
\lst@skipnumbers=\count271
\lst@framebox=\box52
)
(D:\Programs\MikTex\tex/latex/listings\listings.cfg
File: listings.cfg 2020/03/24 1.8d listings configuration
))
Package: listings 2020/03/24 1.8d (Carsten Heinz)

(D:\Programs\MikTex\tex/latex/base\alltt.sty
Package: alltt 1997/06/16 v2.0g defines alltt environment
)
(D:\Programs\MikTex\tex/latex/fancyvrb\fancyvrb.sty
Package: fancyvrb 2020/05/03 v3.6 verbatim text (tvz,hv)
\FV@CodeLineNo=\count272
\FV@InFile=\read2
\FV@TabBox=\box53
\c@FancyVerbLine=\count273
\FV@StepNumber=\count274
\FV@OutFile=\write3
)
(D:\Programs\MikTex\tex/latex/graphics\graphicx.sty
Package: graphicx 2020/09/09 v1.2b Enhanced LaTeX Graphics (DPC,SPQR)

(D:\Programs\MikTex\tex/latex/graphics\graphics.sty
Package: graphics 2020/08/30 v1.4c Standard LaTeX Graphics (DPC,SPQR)

(D:\Programs\MikTex\tex/latex/graphics\trig.sty
Package: trig 2016/01/03 v1.10 sin cos tan (DPC)
)
(D:\Programs\MikTex\tex/latex/graphics-cfg\graphics.cfg
File: graphics.cfg 2016/06/04 v1.11 sample graphics configuration
)
Package graphics Info: Driver file: pdftex.def on input line 105.
)
\Gin@req@height=\dimen155
\Gin@req@width=\dimen156
)
(D:\Programs\MikTex\tex/latex/algorithms\algorithm.sty
Package: algorithm 2009/08/24 v0.1 Document Style `algorithm' - floating enviro
nment

(D:\Programs\MikTex\tex/latex/float\float.sty
Package: float 2001/11/08 v1.3d Float enhancements (AL)
\c@float@type=\count275
\float@exts=\toks36
\float@box=\box54
\@float@everytoks=\toks37
\@floatcapt=\box55
)
(D:\Programs\MikTex\tex/latex/base\ifthen.sty
Package: ifthen 2014/09/29 v1.1c Standard LaTeX ifthen package (DPC)
)
\@float@every@algorithm=\toks38
\c@algorithm=\count276
)
(D:\Programs\MikTex\tex/latex/algorithmicx\algpseudocode.sty
Package: algpseudocode 

(D:\Programs\MikTex\tex/latex/algorithmicx\algorithmicx.sty
Package: algorithmicx 2005/04/27 v1.2 Algorithmicx

Document Style algorithmicx 1.2 - a greatly improved `algorithmic' style
\c@ALG@line=\count277
\c@ALG@rem=\count278
\c@ALG@nested=\count279
\ALG@tlm=\skip60
\ALG@thistlm=\skip61
\c@ALG@Lnr=\count280
\c@ALG@blocknr=\count281
\c@ALG@storecount=\count282
\c@ALG@tmpcounter=\count283
\ALG@tmplength=\skip62
)
Document Style - pseudocode environments for use with the `algorithmicx' style
) (D:\Programs\MikTex\tex/latex/subfigure\subfigure.sty
Package: subfigure 2002/07/30 v2.1.4 subfigure package
\subfigtopskip=\skip63
\subfigcapskip=\skip64
\subfigcaptopadj=\dimen157
\subfigbottomskip=\skip65
\subfigcapmargin=\dimen158
\subfiglabelskip=\skip66
\c@subfigure=\count284
\c@lofdepth=\count285
\c@subtable=\count286
\c@lotdepth=\count287

****************************************
* Local config file subfigure.cfg used *
****************************************
(D:\Programs\MikTex\tex/latex/subfigure\subfigure.cfg)
\subfig@top=\skip67
\subfig@bottom=\skip68
)
(D:\Programs\MikTex\tex/latex/setspace\setspace.sty
Package: setspace 2011/12/19 v6.7a set line spacing
)
(D:\Programs\MikTex\tex/latex/wrapfig\wrapfig.sty
\wrapoverhang=\dimen159
\WF@size=\dimen160
\c@WF@wrappedlines=\count288
\WF@box=\box56
\WF@everypar=\toks39
Package: wrapfig 2003/01/31  v 3.6
)
(D:\Programs\MikTex\tex/latex/pgf/frontendlayer\tikz.sty
(D:\Programs\MikTex\tex/latex/pgf/basiclayer\pgf.sty
(D:\Programs\MikTex\tex/latex/pgf/utilities\pgfrcs.sty
(D:\Programs\MikTex\tex/generic/pgf/utilities\pgfutil-common.tex
\pgfutil@everybye=\toks40
\pgfutil@tempdima=\dimen161
\pgfutil@tempdimb=\dimen162

(D:\Programs\MikTex\tex/generic/pgf/utilities\pgfutil-common-lists.tex))
(D:\Programs\MikTex\tex/generic/pgf/utilities\pgfutil-latex.def
\pgfutil@abb=\box57
)
(D:\Programs\MikTex\tex/generic/pgf/utilities\pgfrcs.code.tex
(D:\Programs\MikTex\tex/generic/pgf\pgf.revision.tex)
Package: pgfrcs 2020/10/01 v3.1.6a (3.1.6a)
))
Package: pgf 2020/10/01 v3.1.6a (3.1.6a)

(D:\Programs\MikTex\tex/latex/pgf/basiclayer\pgfcore.sty
(D:\Programs\MikTex\tex/latex/pgf/systemlayer\pgfsys.sty
(D:\Programs\MikTex\tex/generic/pgf/systemlayer\pgfsys.code.tex
Package: pgfsys 2020/10/01 v3.1.6a (3.1.6a)

(D:\Programs\MikTex\tex/generic/pgf/utilities\pgfkeys.code.tex
\pgfkeys@pathtoks=\toks41
\pgfkeys@temptoks=\toks42

(D:\Programs\MikTex\tex/generic/pgf/utilities\pgfkeysfiltered.code.tex
\pgfkeys@tmptoks=\toks43
))
\pgf@x=\dimen163
\pgf@y=\dimen164
\pgf@xa=\dimen165
\pgf@ya=\dimen166
\pgf@xb=\dimen167
\pgf@yb=\dimen168
\pgf@xc=\dimen169
\pgf@yc=\dimen170
\pgf@xd=\dimen171
\pgf@yd=\dimen172
\w@pgf@writea=\write4
\r@pgf@reada=\read3
\c@pgf@counta=\count289
\c@pgf@countb=\count290
\c@pgf@countc=\count291
\c@pgf@countd=\count292
\t@pgf@toka=\toks44
\t@pgf@tokb=\toks45
\t@pgf@tokc=\toks46
\pgf@sys@id@count=\count293

(D:\Programs\MikTex\tex/generic/pgf/systemlayer\pgf.cfg
File: pgf.cfg 2020/10/01 v3.1.6a (3.1.6a)
)
Driver file for pgf: pgfsys-pdftex.def

(D:\Programs\MikTex\tex/generic/pgf/systemlayer\pgfsys-pdftex.def
File: pgfsys-pdftex.def 2020/10/01 v3.1.6a (3.1.6a)

(D:\Programs\MikTex\tex/generic/pgf/systemlayer\pgfsys-common-pdf.def
File: pgfsys-common-pdf.def 2020/10/01 v3.1.6a (3.1.6a)
)))
(D:\Programs\MikTex\tex/generic/pgf/systemlayer\pgfsyssoftpath.code.tex
File: pgfsyssoftpath.code.tex 2020/10/01 v3.1.6a (3.1.6a)
\pgfsyssoftpath@smallbuffer@items=\count294
\pgfsyssoftpath@bigbuffer@items=\count295
)
(D:\Programs\MikTex\tex/generic/pgf/systemlayer\pgfsysprotocol.code.tex
File: pgfsysprotocol.code.tex 2020/10/01 v3.1.6a (3.1.6a)
))
(D:\Programs\MikTex\tex/generic/pgf/basiclayer\pgfcore.code.tex
Package: pgfcore 2020/10/01 v3.1.6a (3.1.6a)

(D:\Programs\MikTex\tex/generic/pgf/math\pgfmath.code.tex
(D:\Programs\MikTex\tex/generic/pgf/math\pgfmathcalc.code.tex
(D:\Programs\MikTex\tex/generic/pgf/math\pgfmathutil.code.tex)
(D:\Programs\MikTex\tex/generic/pgf/math\pgfmathparser.code.tex
\pgfmath@dimen=\dimen173
\pgfmath@count=\count296
\pgfmath@box=\box58
\pgfmath@toks=\toks47
\pgfmath@stack@operand=\toks48
\pgfmath@stack@operation=\toks49
)
(D:\Programs\MikTex\tex/generic/pgf/math\pgfmathfunctions.code.tex
(D:\Programs\MikTex\tex/generic/pgf/math\pgfmathfunctions.basic.code.tex)
(D:\Programs\MikTex\tex/generic/pgf/math\pgfmathfunctions.trigonometric.code.te
x) (D:\Programs\MikTex\tex/generic/pgf/math\pgfmathfunctions.random.code.tex)
(D:\Programs\MikTex\tex/generic/pgf/math\pgfmathfunctions.comparison.code.tex)
(D:\Programs\MikTex\tex/generic/pgf/math\pgfmathfunctions.base.code.tex)
(D:\Programs\MikTex\tex/generic/pgf/math\pgfmathfunctions.round.code.tex)
(D:\Programs\MikTex\tex/generic/pgf/math\pgfmathfunctions.misc.code.tex)
(D:\Programs\MikTex\tex/generic/pgf/math\pgfmathfunctions.integerarithmetics.co
de.tex))) (D:\Programs\MikTex\tex/generic/pgf/math\pgfmathfloat.code.tex
\c@pgfmathroundto@lastzeros=\count297
))
(D:\Programs\MikTex\tex/generic/pgf/math\pgfint.code.tex)
(D:\Programs\MikTex\tex/generic/pgf/basiclayer\pgfcorepoints.code.tex
File: pgfcorepoints.code.tex 2020/10/01 v3.1.6a (3.1.6a)
\pgf@picminx=\dimen174
\pgf@picmaxx=\dimen175
\pgf@picminy=\dimen176
\pgf@picmaxy=\dimen177
\pgf@pathminx=\dimen178
\pgf@pathmaxx=\dimen179
\pgf@pathminy=\dimen180
\pgf@pathmaxy=\dimen181
\pgf@xx=\dimen182
\pgf@xy=\dimen183
\pgf@yx=\dimen184
\pgf@yy=\dimen185
\pgf@zx=\dimen186
\pgf@zy=\dimen187
)
(D:\Programs\MikTex\tex/generic/pgf/basiclayer\pgfcorepathconstruct.code.tex
File: pgfcorepathconstruct.code.tex 2020/10/01 v3.1.6a (3.1.6a)
\pgf@path@lastx=\dimen188
\pgf@path@lasty=\dimen189
)
(D:\Programs\MikTex\tex/generic/pgf/basiclayer\pgfcorepathusage.code.tex
File: pgfcorepathusage.code.tex 2020/10/01 v3.1.6a (3.1.6a)
\pgf@shorten@end@additional=\dimen190
\pgf@shorten@start@additional=\dimen191
)
(D:\Programs\MikTex\tex/generic/pgf/basiclayer\pgfcorescopes.code.tex
File: pgfcorescopes.code.tex 2020/10/01 v3.1.6a (3.1.6a)
\pgfpic=\box59
\pgf@hbox=\box60
\pgf@layerbox@main=\box61
\pgf@picture@serial@count=\count298
)
(D:\Programs\MikTex\tex/generic/pgf/basiclayer\pgfcoregraphicstate.code.tex
File: pgfcoregraphicstate.code.tex 2020/10/01 v3.1.6a (3.1.6a)
\pgflinewidth=\dimen192
)
(D:\Programs\MikTex\tex/generic/pgf/basiclayer\pgfcoretransformations.code.tex
File: pgfcoretransformations.code.tex 2020/10/01 v3.1.6a (3.1.6a)
\pgf@pt@x=\dimen193
\pgf@pt@y=\dimen194
\pgf@pt@temp=\dimen195
) (D:\Programs\MikTex\tex/generic/pgf/basiclayer\pgfcorequick.code.tex
File: pgfcorequick.code.tex 2020/10/01 v3.1.6a (3.1.6a)
)
(D:\Programs\MikTex\tex/generic/pgf/basiclayer\pgfcoreobjects.code.tex
File: pgfcoreobjects.code.tex 2020/10/01 v3.1.6a (3.1.6a)
)
(D:\Programs\MikTex\tex/generic/pgf/basiclayer\pgfcorepathprocessing.code.tex
File: pgfcorepathprocessing.code.tex 2020/10/01 v3.1.6a (3.1.6a)
)
(D:\Programs\MikTex\tex/generic/pgf/basiclayer\pgfcorearrows.code.tex
File: pgfcorearrows.code.tex 2020/10/01 v3.1.6a (3.1.6a)
\pgfarrowsep=\dimen196
)
(D:\Programs\MikTex\tex/generic/pgf/basiclayer\pgfcoreshade.code.tex
File: pgfcoreshade.code.tex 2020/10/01 v3.1.6a (3.1.6a)
\pgf@max=\dimen197
\pgf@sys@shading@range@num=\count299
\pgf@shadingcount=\count300
)
(D:\Programs\MikTex\tex/generic/pgf/basiclayer\pgfcoreimage.code.tex
File: pgfcoreimage.code.tex 2020/10/01 v3.1.6a (3.1.6a)

(D:\Programs\MikTex\tex/generic/pgf/basiclayer\pgfcoreexternal.code.tex
File: pgfcoreexternal.code.tex 2020/10/01 v3.1.6a (3.1.6a)
\pgfexternal@startupbox=\box62
))
(D:\Programs\MikTex\tex/generic/pgf/basiclayer\pgfcorelayers.code.tex
File: pgfcorelayers.code.tex 2020/10/01 v3.1.6a (3.1.6a)
)
(D:\Programs\MikTex\tex/generic/pgf/basiclayer\pgfcoretransparency.code.tex
File: pgfcoretransparency.code.tex 2020/10/01 v3.1.6a (3.1.6a)
)
(D:\Programs\MikTex\tex/generic/pgf/basiclayer\pgfcorepatterns.code.tex
File: pgfcorepatterns.code.tex 2020/10/01 v3.1.6a (3.1.6a)
)
(D:\Programs\MikTex\tex/generic/pgf/basiclayer\pgfcorerdf.code.tex
File: pgfcorerdf.code.tex 2020/10/01 v3.1.6a (3.1.6a)
)))
(D:\Programs\MikTex\tex/generic/pgf/modules\pgfmoduleshapes.code.tex
File: pgfmoduleshapes.code.tex 2020/10/01 v3.1.6a (3.1.6a)
\pgfnodeparttextbox=\box63
)
(D:\Programs\MikTex\tex/generic/pgf/modules\pgfmoduleplot.code.tex
File: pgfmoduleplot.code.tex 2020/10/01 v3.1.6a (3.1.6a)
)
(D:\Programs\MikTex\tex/latex/pgf/compatibility\pgfcomp-version-0-65.sty
Package: pgfcomp-version-0-65 2020/10/01 v3.1.6a (3.1.6a)
\pgf@nodesepstart=\dimen198
\pgf@nodesepend=\dimen199
)
(D:\Programs\MikTex\tex/latex/pgf/compatibility\pgfcomp-version-1-18.sty
Package: pgfcomp-version-1-18 2020/10/01 v3.1.6a (3.1.6a)
))
(D:\Programs\MikTex\tex/latex/pgf/utilities\pgffor.sty
(D:\Programs\MikTex\tex/latex/pgf/utilities\pgfkeys.sty
(D:\Programs\MikTex\tex/generic/pgf/utilities\pgfkeys.code.tex))
(D:\Programs\MikTex\tex/latex/pgf/math\pgfmath.sty
(D:\Programs\MikTex\tex/generic/pgf/math\pgfmath.code.tex))
(D:\Programs\MikTex\tex/generic/pgf/utilities\pgffor.code.tex
Package: pgffor 2020/10/01 v3.1.6a (3.1.6a)

(D:\Programs\MikTex\tex/generic/pgf/math\pgfmath.code.tex)
\pgffor@iter=\dimen256
\pgffor@skip=\dimen257
\pgffor@stack=\toks50
\pgffor@toks=\toks51
))
(D:\Programs\MikTex\tex/generic/pgf/frontendlayer/tikz\tikz.code.tex
Package: tikz 2020/10/01 v3.1.6a (3.1.6a)

(D:\Programs\MikTex\tex/generic/pgf/libraries\pgflibraryplothandlers.code.tex
File: pgflibraryplothandlers.code.tex 2020/10/01 v3.1.6a (3.1.6a)
\pgf@plot@mark@count=\count301
\pgfplotmarksize=\dimen258
)
\tikz@lastx=\dimen259
\tikz@lasty=\dimen260
\tikz@lastxsaved=\dimen261
\tikz@lastysaved=\dimen262
\tikz@lastmovetox=\dimen263
\tikz@lastmovetoy=\dimen264
\tikzleveldistance=\dimen265
\tikzsiblingdistance=\dimen266
\tikz@figbox=\box64
\tikz@figbox@bg=\box65
\tikz@tempbox=\box66
\tikz@tempbox@bg=\box67
\tikztreelevel=\count302
\tikznumberofchildren=\count303
\tikznumberofcurrentchild=\count304
\tikz@fig@count=\count305

(D:\Programs\MikTex\tex/generic/pgf/modules\pgfmodulematrix.code.tex
File: pgfmodulematrix.code.tex 2020/10/01 v3.1.6a (3.1.6a)
\pgfmatrixcurrentrow=\count306
\pgfmatrixcurrentcolumn=\count307
\pgf@matrix@numberofcolumns=\count308
)
\tikz@expandcount=\count309

(D:\Programs\MikTex\tex/generic/pgf/frontendlayer/tikz/libraries\tikzlibrarytop
aths.code.tex
File: tikzlibrarytopaths.code.tex 2020/10/01 v3.1.6a (3.1.6a)
))) (D:\Programs\MikTex\tex/latex/subfig\subfig.sty
Package: subfig 2005/06/28 ver: 1.3 subfig package

(D:\Programs\MikTex\tex/latex/caption\caption.sty
Package: caption 2020/10/26 v3.5g Customizing captions (AR)

(D:\Programs\MikTex\tex/latex/caption\caption3.sty
Package: caption3 2020/10/21 v2.2e caption3 kernel (AR)
\captionmargin=\dimen267
\captionmargin@=\dimen268
\captionwidth=\dimen269
\caption@tempdima=\dimen270
\caption@indent=\dimen271
\caption@parindent=\dimen272
\caption@hangindent=\dimen273
Package caption Info: Standard document class detected.
)
\c@caption@flags=\count310
\c@continuedfloat=\count311
Package caption Info: float package is loaded.
Package caption Info: listings package is loaded.
Package caption Info: subfigure package is loaded.
Package caption Info: wrapfig package is loaded.
)
\c@KVtest=\count312
\sf@farskip=\skip69
\sf@captopadj=\dimen274
\sf@capskip=\skip70
\sf@nearskip=\skip71
\sf@top=\skip72
\sf@bottom=\skip73
)
(D:\Programs\MikTex\tex/latex/url\url.sty
\Urlmuskip=\muskip17
Package: url 2013/09/16  ver 3.4  Verb mode for urls, etc.
)
(D:\Programs\MikTex\tex/generic/pgf/frontendlayer/tikz/libraries\tikzlibrarypos
itioning.code.tex
File: tikzlibrarypositioning.code.tex 2020/10/01 v3.1.6a (3.1.6a)
) (D:\Programs\MikTex\tex/latex/l3backend\l3backend-pdftex.def
File: l3backend-pdftex.def 2020-09-24 L3 backend support: PDF output (pdfTeX)
\l__kernel_color_stack_int=\count313
\l__pdf_internal_box=\box68
) (licenta.aux)
\openout1 = `licenta.aux'.

LaTeX Font Info:    Checking defaults for OML/cmm/m/it on input line 41.
LaTeX Font Info:    ... okay on input line 41.
LaTeX Font Info:    Checking defaults for OMS/cmsy/m/n on input line 41.
LaTeX Font Info:    ... okay on input line 41.
LaTeX Font Info:    Checking defaults for OT1/cmr/m/n on input line 41.
LaTeX Font Info:    ... okay on input line 41.
LaTeX Font Info:    Checking defaults for T1/cmr/m/n on input line 41.
LaTeX Font Info:    ... okay on input line 41.
LaTeX Font Info:    Checking defaults for TS1/cmr/m/n on input line 41.
LaTeX Font Info:    ... okay on input line 41.
LaTeX Font Info:    Checking defaults for OMX/cmex/m/n on input line 41.
LaTeX Font Info:    ... okay on input line 41.
LaTeX Font Info:    Checking defaults for U/cmr/m/n on input line 41.
LaTeX Font Info:    ... okay on input line 41.
 (D:\Programs\MikTex\tex/latex/ucs\ucsencs.def
File: ucsencs.def 2011/01/21 Fixes to fontencodings LGR, T3
)
(D:\Programs\MikTex\tex/context/base/mkii\supp-pdf.mkii
[Loading MPS to PDF converter (version 2006.09.02).]
\scratchcounter=\count314
\scratchdimen=\dimen275
\scratchbox=\box69
\nofMPsegments=\count315
\nofMParguments=\count316
\everyMPshowfont=\toks52
\MPscratchCnt=\count317
\MPscratchDim=\dimen276
\MPnumerator=\count318
\makeMPintoPDFobject=\count319
\everyMPtoPDFconversion=\toks53
) (D:\Programs\MikTex\tex/latex/epstopdf-pkg\epstopdf-base.sty
Package: epstopdf-base 2020-01-24 v2.11 Base part for package epstopdf

(D:\Programs\MikTex\tex/generic/infwarerr\infwarerr.sty
Package: infwarerr 2019/12/03 v1.5 Providing info/warning/error messages (HO)
)
(D:\Programs\MikTex\tex/latex/grfext\grfext.sty
Package: grfext 2019/12/03 v1.3 Manage graphics extensions (HO)

(D:\Programs\MikTex\tex/generic/kvdefinekeys\kvdefinekeys.sty
Package: kvdefinekeys 2019-12-19 v1.6 Define keys (HO)
))
(D:\Programs\MikTex\tex/latex/kvoptions\kvoptions.sty
Package: kvoptions 2020-10-07 v3.14 Key value format for package options (HO)

(D:\Programs\MikTex\tex/generic/ltxcmds\ltxcmds.sty
Package: ltxcmds 2020-05-10 v1.25 LaTeX kernel commands for general use (HO)
)
(D:\Programs\MikTex\tex/generic/kvsetkeys\kvsetkeys.sty
Package: kvsetkeys 2019/12/15 v1.18 Key value parser (HO)
))
(D:\Programs\MikTex\tex/generic/pdftexcmds\pdftexcmds.sty
Package: pdftexcmds 2020-06-27 v0.33 Utility functions of pdfTeX for LuaTeX (HO
)

(D:\Programs\MikTex\tex/generic/iftex\iftex.sty
Package: iftex 2020/03/06 v1.0d TeX engine tests
)
Package pdftexcmds Info: \pdf@primitive is available.
Package pdftexcmds Info: \pdf@ifprimitive is available.
Package pdftexcmds Info: \pdfdraftmode found.
)
Package epstopdf-base Info: Redefining graphics rule for `.eps' on input line 4
85.
Package grfext Info: Graphics extension search list:
(grfext)             [.pdf,.png,.jpg,.mps,.jpeg,.jbig2,.jb2,.PDF,.PNG,.JPG,.JPE
G,.JBIG2,.JB2,.eps]
(grfext)             \AppendGraphicsExtensions on input line 504.
)
\c@lstlisting=\count320
Package caption Info: Begin \AtBeginDocument code.
Package caption Info: subfig package v1.3 is loaded.
Package caption Info: End \AtBeginDocument code.
<./images//UNITBV2.png, id=4, 401.5pt x 146.5475pt>
File: ./images//UNITBV2.png Graphic file (type png)
<use ./images//UNITBV2.png>
Package pdftex.def Info: ./images//UNITBV2.png  used on input line 45.
(pdftex.def)             Requested size: 320.55103pt x 117.00119pt.

(D:\Programs\MikTex\tex/latex/ucs\uni-2.def
File: uni-2.def 2013/05/13 UCS: Unicode data U+0200..U+02FF
)
LaTeX Font Info:    Trying to load font information for U+msa on input line 45.


(D:\Programs\MikTex\tex/latex/amsfonts\umsa.fd
File: umsa.fd 2013/01/14 v3.01 AMS symbols A
)
LaTeX Font Info:    Trying to load font information for U+msb on input line 45.


(D:\Programs\MikTex\tex/latex/amsfonts\umsb.fd
File: umsb.fd 2013/01/14 v3.01 AMS symbols B
)
(D:\Programs\MikTex\tex/latex/ucs\uni-1.def
File: uni-1.def 2013/05/13 UCS: Unicode data U+0100..U+01FF
)
Overfull \hbox (8.33858pt too wide) in paragraph at lines 45--45
 [] 
 []


LaTeX Warning: No \author given.

(licenta.toc [1

{C:/Users/Ionut/AppData/Local/MiKTeX/pdftex/config/pdftex.map} <./images//UNITB
V2.png>] [2])
\tf@toc=\write5
\openout5 = `licenta.toc'.

 [3]
Underfull \hbox (badness 10000) in paragraph at lines 75--77

 []


Underfull \hbox (badness 10000) in paragraph at lines 78--80

 []


Underfull \hbox (badness 10000) in paragraph at lines 81--83

 []


Underfull \hbox (badness 10000) in paragraph at lines 84--86

 []


Underfull \hbox (badness 10000) in paragraph at lines 95--97

 []

[4]
Underfull \hbox (badness 10000) in paragraph at lines 98--100

 []


Underfull \hbox (badness 10000) in paragraph at lines 101--103

 []


Overfull \hbox (6.4931pt too wide) in paragraph at lines 104--106
\OT1/cmr/m/n/12 mult timp, mo-tiv pen-tru care a aparut con-ceputul de mo-toare
 pen-tru dezvotare
 []


Underfull \hbox (badness 10000) in paragraph at lines 104--106

 []


Underfull \hbox (badness 10000) in paragraph at lines 114--116

 []

[5]
Underfull \hbox (badness 10000) in paragraph at lines 117--119

 []


Underfull \hbox (badness 10000) in paragraph at lines 120--122

 []

[6]
Underfull \hbox (badness 10000) in paragraph at lines 140--142

 []


Overfull \hbox (0.86131pt too wide) in paragraph at lines 147--148
[]\OT1/cmr/m/n/12 Aria AAA este in-dus-tria in care se in-cadreaza firmele ma-j
ore de dezvola-
 []

[7]
Underfull \hbox (badness 10000) in paragraph at lines 171--173

 []


Underfull \hbox (badness 10000) in paragraph at lines 174--176

 []


Underfull \hbox (badness 10000) in paragraph at lines 177--179

 []

[8]
Overfull \hbox (8.07735pt too wide) in paragraph at lines 190--191
[]\OT1/cmr/m/n/12 Transform reprez-inta clasa spa-tiala a tu-turor obiectelor d
in scena. Acesta
 []


Underfull \hbox (badness 10000) in paragraph at lines 196--198

 []

[9]
Underfull \hbox (badness 10000) in paragraph at lines 212--214

 []


Underfull \hbox (badness 10000) in paragraph at lines 215--217

 []


Underfull \hbox (badness 10000) in paragraph at lines 225--227

 []


Underfull \hbox (badness 10000) in paragraph at lines 228--230

 []

[10]
Underfull \hbox (badness 10000) in paragraph at lines 257--259

 []

[11]
Underfull \hbox (badness 10000) in paragraph at lines 284--286

 []


Overfull \hbox (4.20424pt too wide) in paragraph at lines 287--288
[]\OT1/cmr/m/n/12 Acesta pune la dis-poz-i-tie di-verse func-tion-al-i-tati car
e ajuta sta-bilirea conex-
 []


Underfull \hbox (badness 10000) in paragraph at lines 297--300

 []

[12]
Overfull \hbox (1.98898pt too wide) in paragraph at lines 301--303
\OT1/cmr/m/n/12 inca de la in-ceput poate im-bunatatii cal-i-tatea proiec-tu-lu
i ex-plo-nen-tial, asigura
 []


Underfull \hbox (badness 10000) in paragraph at lines 301--303

 []


Underfull \hbox (badness 10000) in paragraph at lines 304--306

 []


Underfull \hbox (badness 10000) in paragraph at lines 307--309

 []


Underfull \hbox (badness 10000) in paragraph at lines 319--321

 []


Underfull \hbox (badness 10000) in paragraph at lines 322--324

 []


Underfull \hbox (badness 10000) in paragraph at lines 325--327

 []

[13]
Underfull \hbox (badness 10000) in paragraph at lines 350--352

 []

[14]

LaTeX Warning: Reference `fig: machineGun' on page 15 undefined on input line 3
63.


LaTeX Warning: Reference `fig: electricFence' on page 15 undefined on input lin
e 364.


LaTeX Warning: Reference `fig: vulkan' on page 15 undefined on input line 365.


LaTeX Warning: Reference `fig: machineCannon' on page 15 undefined on input lin
e 366.


LaTeX Warning: Reference `fig: railgun' on page 15 undefined on input line 367.



LaTeX Warning: Reference `fig: excavator' on page 15 undefined on input line 36
8.

[15]

LaTeX Warning: Reference `fig: gridSystem' on page 16 undefined on input line 4
28.


LaTeX Warning: Reference `fig: gridSystem' on page 16 undefined on input line 4
29.


LaTeX Warning: Reference `fig: gridSystem' on page 16 undefined on input line 4
30.


LaTeX Warning: Reference `fig: gridSystem' on page 16 undefined on input line 4
31.


LaTeX Warning: Reference `fig: gridSystem' on page 16 undefined on input line 4
32.


Overfull \hbox (2.4024pt too wide) in paragraph at lines 451--452
[]\OT1/cmr/m/n/12 Turnurile pot fi plasate doar pe hexagoanele de con-struc-tie
. Odata plasate,
 []

[16]
Underfull \hbox (badness 10000) in paragraph at lines 484--486

 []

[17]
Underfull \hbox (badness 10000) in paragraph at lines 522--524

 []


Underfull \hbox (badness 10000) in paragraph at lines 525--527

 []

[18]
Underfull \hbox (badness 10000) in paragraph at lines 559--561

 []

[19]
Underfull \hbox (badness 10000) in paragraph at lines 592--594

 []


Underfull \hbox (badness 10000) in paragraph at lines 595--597

 []


Underfull \hbox (badness 10000) in paragraph at lines 598--600

 []


Overfull \hbox (2.20241pt too wide) in paragraph at lines 601--603
\OT1/cmr/m/n/12 parte din log-ica jocurilor. Apelarea update-ului in-cepe dupa 
ce toate metodele
 []


Underfull \hbox (badness 10000) in paragraph at lines 601--603

 []


Underfull \hbox (badness 10000) in paragraph at lines 604--606

 []

[20]
Underfull \hbox (badness 10000) in paragraph at lines 625--627

 []


Underfull \hbox (badness 10000) in paragraph at lines 628--630

 []


Overfull \hbox (1.20436pt too wide) in paragraph at lines 639--641
[]\OT1/cmr/m/n/12 O alta prob-lema des in-tamp-inata in proiectele mari este pr
oce-sarea comen-
 []


Underfull \hbox (badness 10000) in paragraph at lines 639--641

 []

[21]
Overfull \hbox (0.48761pt too wide) in paragraph at lines 642--644
\OT1/cmr/m/n/12 aceste eveni-mente, iar cand uti-liza-torul apasa tasta re-spec
-tiva, toate metodele
 []


Underfull \hbox (badness 10000) in paragraph at lines 642--644

 []

[22]
Underfull \hbox (badness 10000) in paragraph at lines 665--667

 []


Underfull \hbox (badness 10000) in paragraph at lines 674--676

 []

[23]
Underfull \hbox (badness 10000) in paragraph at lines 690--692

 []


Underfull \hbox (badness 10000) in paragraph at lines 693--695

 []


Underfull \hbox (badness 10000) in paragraph at lines 696--698

 []


Underfull \hbox (badness 10000) in paragraph at lines 699--701

 []


Underfull \hbox (badness 10000) in paragraph at lines 708--710

 []

[24]
Underfull \hbox (badness 10000) in paragraph at lines 711--713

 []


Underfull \hbox (badness 10000) in paragraph at lines 714--716

 []


Underfull \hbox (badness 10000) in paragraph at lines 717--719

 []


Underfull \hbox (badness 10000) in paragraph at lines 720--722

 []


Overfull \hbox (0.49875pt too wide) in paragraph at lines 723--725
[]\OT1/cmr/m/n/12 LoadPresetGrid() preia con-tin-u-tul fisieru-lui con-fig-ura-
bil, ape-leaza metoda
 []


Underfull \hbox (badness 10000) in paragraph at lines 723--725

 []


Underfull \hbox (badness 10000) in paragraph at lines 732--734

 []

[25]
Underfull \hbox (badness 10000) in paragraph at lines 735--737

 []


Underfull \hbox (badness 10000) in paragraph at lines 738--740

 []


Underfull \hbox (badness 10000) in paragraph at lines 741--743

 []


Underfull \hbox (badness 10000) in paragraph at lines 750--752

 []


Underfull \hbox (badness 10000) in paragraph at lines 753--755

 []


Underfull \hbox (badness 10000) in paragraph at lines 756--758

 []

[26]
Underfull \hbox (badness 10000) in paragraph at lines 759--761

 []


Underfull \hbox (badness 10000) in paragraph at lines 768--770

 []


Underfull \hbox (badness 10000) in paragraph at lines 771--773

 []


Overfull \hbox (4.74883pt too wide) in paragraph at lines 784--785
[]\OT1/cmr/m/n/12 Algoritmul Floyd-Warshall de-ter-mina ma-tricea dis-tan-telor
 $\OML/cmm/m/it/12 D \OT1/cmr/m/n/12 = (\OML/cmm/m/it/12 d[]\OT1/cmr/m/n/12 )\O
ML/cmm/m/it/12 ; i; j \OMS/cmsy/m/n/12 2
 []

[27]
Underfull \hbox (badness 10000) in paragraph at lines 831--833

 []

[28] [29]

LaTeX Warning: Reference `fig: enemyHierarchy' on page 30 undefined on input li
ne 904.


Underfull \hbox (badness 10000) in paragraph at lines 904--906

 []


LaTeX Warning: Command \textless invalid in math mode on input line 907.

LaTeX Font Info:    Trying to load font information for OML+cmr on input line 9
07.
(D:\Programs\MikTex\tex/latex/base\omlcmr.fd
File: omlcmr.fd 2019/12/16 v2.5j Standard LaTeX font definitions
)
LaTeX Font Info:    Font shape `OML/cmr/m/n' in size <12> not available
(Font)              Font shape `OML/cmm/m/it' tried instead on input line 907.


LaTeX Warning: Command \textless invalid in math mode on input line 907.


LaTeX Warning: Command \textgreater invalid in math mode on input line 907.


LaTeX Warning: Command \textgreater invalid in math mode on input line 907.


Underfull \hbox (badness 10000) in paragraph at lines 907--909

 []


Underfull \hbox (badness 10000) in paragraph at lines 910--912

 []


Overfull \hbox (7.63338pt too wide) in paragraph at lines 913--915
[]\OT1/cmr/m/n/12 Functiile im-ple-men-tate de aceasta clasa sunt in mare parte
 func-ti-ile mosten-
 []


Underfull \hbox (badness 10000) in paragraph at lines 913--915

 []

[30]
Underfull \hbox (badness 10000) in paragraph at lines 916--918

 []


Underfull \hbox (badness 10000) in paragraph at lines 919--921

 []


Underfull \hbox (badness 10000) in paragraph at lines 922--924

 []


LaTeX Warning: Command \textless invalid in math mode on input line 939.


LaTeX Warning: Command \textless invalid in math mode on input line 939.


LaTeX Warning: Command \textgreater invalid in math mode on input line 939.


LaTeX Warning: Command \textgreater invalid in math mode on input line 939.


Underfull \hbox (badness 10000) in paragraph at lines 939--941

 []

[31]
Underfull \hbox (badness 10000) in paragraph at lines 942--944

 []


Underfull \hbox (badness 10000) in paragraph at lines 950--952

 []


Underfull \hbox (badness 10000) in paragraph at lines 958--960

 []

[32]
Underfull \hbox (badness 10000) in paragraph at lines 961--963

 []


Underfull \hbox (badness 10000) in paragraph at lines 964--966

 []

[33]
Underfull \hbox (badness 10000) in paragraph at lines 990--992

 []


LaTeX Warning: Command \textless invalid in math mode on input line 993.


LaTeX Warning: Command \textless invalid in math mode on input line 993.


LaTeX Warning: Command \textgreater invalid in math mode on input line 993.


LaTeX Warning: Command \textgreater invalid in math mode on input line 993.


Underfull \hbox (badness 10000) in paragraph at lines 993--995

 []


Underfull \hbox (badness 10000) in paragraph at lines 996--998

 []


Overfull \hbox (20.97214pt too wide) in paragraph at lines 999--1001
[]\OT1/cmr/m/n/12 Majoritatea func-ti-ilor sunt sim-i-lare cu cele ale tur-nuri
lor (At-tack, DrawRange,
 []


Underfull \hbox (badness 10000) in paragraph at lines 999--1001

 []

[34]
Underfull \hbox (badness 10000) in paragraph at lines 1010--1012

 []


Underfull \hbox (badness 10000) in paragraph at lines 1013--1015

 []


Underfull \hbox (badness 10000) in paragraph at lines 1016--1018

 []

[35]

LaTeX Warning: Command \textless invalid in math mode on input line 1019.


LaTeX Warning: Command \textless invalid in math mode on input line 1019.


LaTeX Warning: Command \textgreater invalid in math mode on input line 1019.


LaTeX Warning: Command \textgreater invalid in math mode on input line 1019.


LaTeX Warning: Command \textless invalid in math mode on input line 1019.


LaTeX Warning: Command \textless invalid in math mode on input line 1019.


LaTeX Warning: Command \textgreater invalid in math mode on input line 1019.


LaTeX Warning: Command \textgreater invalid in math mode on input line 1019.


LaTeX Warning: Command \textless invalid in math mode on input line 1019.


LaTeX Warning: Command \textless invalid in math mode on input line 1019.


LaTeX Warning: Command \textgreater invalid in math mode on input line 1019.


LaTeX Warning: Command \textgreater invalid in math mode on input line 1019.


Underfull \hbox (badness 10000) in paragraph at lines 1019--1021

 []


Underfull \hbox (badness 10000) in paragraph at lines 1022--1024

 []


Underfull \hbox (badness 10000) in paragraph at lines 1025--1027

 []


LaTeX Warning: Command \textless invalid in math mode on input line 1028.


LaTeX Warning: Command \textless invalid in math mode on input line 1028.


LaTeX Warning: Command \textgreater invalid in math mode on input line 1028.


LaTeX Warning: Command \textgreater invalid in math mode on input line 1028.


Underfull \hbox (badness 10000) in paragraph at lines 1028--1030

 []

[36]
Overfull \hbox (12.99306pt too wide) in paragraph at lines 1031--1033
[]\OT1/cmr/m/n/12 In caz ca nu ex-tista o in-stanta a cla-sei in scena, GamePau
se-M-an-ager.instance
 []


Underfull \hbox (badness 10000) in paragraph at lines 1031--1033

 []

[37]
Underfull \hbox (badness 10000) in paragraph at lines 1070--1072

 []

[38]
Underfull \hbox (badness 10000) in paragraph at lines 1090--1092

 []


Underfull \hbox (badness 10000) in paragraph at lines 1093--1095

 []

[39]
Underfull \hbox (badness 10000) in paragraph at lines 1096--1098

 []


Underfull \hbox (badness 10000) in paragraph at lines 1099--1101

 []


Underfull \hbox (badness 10000) in paragraph at lines 1102--1104

 []


Underfull \hbox (badness 10000) in paragraph at lines 1105--1107

 []

[40]
Underfull \hbox (badness 10000) in paragraph at lines 1121--1123

 []


Underfull \hbox (badness 10000) in paragraph at lines 1124--1126

 []

[41]
Underfull \hbox (badness 10000) in paragraph at lines 1135--1137

 []


Underfull \hbox (badness 10000) in paragraph at lines 1140--1142

 []


Underfull \hbox (badness 10000) in paragraph at lines 1143--1145

 []


Underfull \hbox (badness 10000) in paragraph at lines 1146--1148

 []

[42]
Underfull \hbox (badness 10000) in paragraph at lines 1158--1160

 []


Underfull \hbox (badness 10000) in paragraph at lines 1161--1163

 []

[43]
Overfull \hbox (7.3945pt too wide) in paragraph at lines 1168--1169
[]\OT1/cmr/m/n/12 PermanentUpgrades este o vari-abila de tipul Tur-ret-Per-ma-n
en-tUp-grades[]
 []


Underfull \hbox (badness 10000) in paragraph at lines 1172--1174

 []


Underfull \hbox (badness 10000) in paragraph at lines 1186--1188

 []

[44] [45]
Underfull \hbox (badness 10000) in paragraph at lines 1240--1242

 []

[46]
Underfull \hbox (badness 10000) in paragraph at lines 1243--1245

 []


Underfull \hbox (badness 10000) in paragraph at lines 1254--1256

 []

[47]
Underfull \hbox (badness 10000) in paragraph at lines 1265--1267

 []


Underfull \hbox (badness 10000) in paragraph at lines 1268--1270

 []


Underfull \hbox (badness 10000) in paragraph at lines 1279--1281

 []


Underfull \hbox (badness 10000) in paragraph at lines 1282--1284

 []


Underfull \hbox (badness 10000) in paragraph at lines 1285--1287

 []

[48]
Underfull \hbox (badness 10000) in paragraph at lines 1288--1290

 []


Underfull \hbox (badness 10000) in paragraph at lines 1291--1293

 []


Underfull \hbox (badness 10000) in paragraph at lines 1294--1296

 []

[49]

LaTeX Warning: Command \textless invalid in math mode on input line 1317.


LaTeX Warning: Command \textless invalid in math mode on input line 1317.


LaTeX Warning: Command \textgreater invalid in math mode on input line 1317.


LaTeX Warning: Command \textgreater invalid in math mode on input line 1317.


LaTeX Warning: Command \textless invalid in math mode on input line 1317.


LaTeX Warning: Command \textless invalid in math mode on input line 1317.


LaTeX Warning: Command \textgreater invalid in math mode on input line 1317.


LaTeX Warning: Command \textgreater invalid in math mode on input line 1317.


LaTeX Warning: Command \textless invalid in math mode on input line 1318.


LaTeX Warning: Command \textless invalid in math mode on input line 1318.


LaTeX Warning: Command \textgreater invalid in math mode on input line 1318.


LaTeX Warning: Command \textgreater invalid in math mode on input line 1318.


Underfull \hbox (badness 10000) in paragraph at lines 1321--1323

 []


Underfull \hbox (badness 10000) in paragraph at lines 1324--1326

 []

[50]
Underfull \hbox (badness 10000) in paragraph at lines 1333--1335

 []


Underfull \hbox (badness 10000) in paragraph at lines 1344--1346

 []


Underfull \hbox (badness 10000) in paragraph at lines 1347--1349

 []


Underfull \hbox (badness 10000) in paragraph at lines 1354--1356

 []


Underfull \hbox (badness 10000) in paragraph at lines 1357--1359

 []

[51]

LaTeX Warning: Command \textgreater invalid in math mode on input line 1360.


LaTeX Warning: Command \textgreater invalid in math mode on input line 1360.


LaTeX Warning: Command \textgreater invalid in math mode on input line 1360.


LaTeX Warning: Command \textgreater invalid in math mode on input line 1360.


Overfull \hbox (9.32225pt too wide) in paragraph at lines 1369--1371
\OT1/cmr/m/n/12 tre-buie sa facem este sa apelam metoda Pho-ton-Net-work.Connec
tUsingSettings.
 []


Underfull \hbox (badness 10000) in paragraph at lines 1369--1371

 []


Underfull \hbox (badness 10000) in paragraph at lines 1375--1377

 []


Underfull \hbox (badness 10000) in paragraph at lines 1378--1380

 []


Underfull \hbox (badness 10000) in paragraph at lines 1381--1383

 []


Underfull \hbox (badness 10000) in paragraph at lines 1384--1386

 []

[52]
Underfull \hbox (badness 10000) in paragraph at lines 1387--1389

 []


Overfull \hbox (2.68623pt too wide) in paragraph at lines 1391--1392
\OT1/cmr/m/n/12 care ex-tind MonoBe-haviour, si anume MonoBe-haviour-Pun si Mon
oBe-haviour-
 []


Overfull \hbox (14.97496pt too wide) in paragraph at lines 1395--1396
[]\OT1/cmr/m/n/12 OnConnectedToMaster() este apelat cand clien-tul se conecteaz
a la serverul
 []

[53]
Underfull \hbox (badness 10000) in paragraph at lines 1413--1415

 []


Overfull \hbox (0.30937pt too wide) in paragraph at lines 1419--1420
\OT1/cmr/m/n/12 room-Name, roomOp-tions ). Op-tiu-nile spec-ifi-cate in al doil
ea parametru
 []

[54]
Underfull \hbox (badness 10000) in paragraph at lines 1424--1426

 []


LaTeX Warning: Command \textgreater invalid in math mode on input line 1427.


LaTeX Warning: Command \textgreater invalid in math mode on input line 1427.


Overfull \hbox (18.26106pt too wide) in paragraph at lines 1427--1428
[]\OT1/cmr/m/n/12 Incarcarea nivelu-lui se re-al-izeaza folosind metoda Pho-ton
-Net-work.LoadLevel(
 []


Underfull \hbox (badness 10000) in paragraph at lines 1436--1438

 []


Underfull \hbox (badness 10000) in paragraph at lines 1439--1441

 []

[55]
Underfull \hbox (badness 10000) in paragraph at lines 1442--1444

 []


Underfull \hbox (badness 10000) in paragraph at lines 1445--1447

 []


Underfull \hbox (badness 10000) in paragraph at lines 1448--1450

 []


Underfull \hbox (badness 10000) in paragraph at lines 1451--1453

 []

[56]
Underfull \hbox (badness 10000) in paragraph at lines 1454--1456

 []


Underfull \hbox (badness 10000) in paragraph at lines 1457--1459

 []


Underfull \hbox (badness 10000) in paragraph at lines 1460--1462

 []

[57]
Underfull \hbox (badness 10000) in paragraph at lines 1483--1485

 []


Underfull \hbox (badness 10000) in paragraph at lines 1486--1488

 []

[58] [59] [60]
Underfull \hbox (badness 10000) in paragraph at lines 1549--1551

 []

[61] [62] (licenta.aux)

LaTeX Warning: There were undefined references.

 ) 
Here is how much of TeX's memory you used:
 18291 strings out of 480257
 338815 string characters out of 2893631
 605256 words of memory out of 3000000
 34471 multiletter control sequences out of 15000+200000
 546702 words of font info for 73 fonts, out of 3000000 for 9000
 1141 hyphenation exceptions out of 8191
 77i,7n,88p,1407b,638s stack positions out of 5000i,500n,10000p,200000b,50000s
 <C:\Users\Ionut\AppData\Local\MiKTeX\fonts/pk/ljfour/jknappen/ec/dpi600\tcrm
1200.pk><D:/Programs/MikTex/fonts/type1/public/amsfonts/cm/cmbx12.pfb><D:/Progr
ams/MikTex/fonts/type1/public/amsfonts/cm/cmbx6.pfb><D:/Programs/MikTex/fonts/t
ype1/public/amsfonts/cm/cmcsc10.pfb><D:/Programs/MikTex/fonts/type1/public/amsf
onts/cm/cmex10.pfb><D:/Programs/MikTex/fonts/type1/public/amsfonts/cm/cmmi12.pf
b><D:/Programs/MikTex/fonts/type1/public/amsfonts/cm/cmmi6.pfb><D:/Programs/Mik
Tex/fonts/type1/public/amsfonts/cm/cmmi8.pfb><D:/Programs/MikTex/fonts/type1/pu
blic/amsfonts/cm/cmr12.pfb><D:/Programs/MikTex/fonts/type1/public/amsfonts/cm/c
mr8.pfb><D:/Programs/MikTex/fonts/type1/public/amsfonts/cm/cmsy10.pfb><D:/Progr
ams/MikTex/fonts/type1/public/amsfonts/cm/cmsy8.pfb><D:/Programs/MikTex/fonts/t
ype1/public/amsfonts/cm/cmti12.pfb>
Output written on licenta.pdf (62 pages, 307914 bytes).
PDF statistics:
 261 PDF objects out of 1000 (max. 8388607)
 0 named destinations out of 1000 (max. 500000)
 18 words of extra memory for PDF output out of 10000 (max. 10000000)

